[19:31:14] [ServerMain/INFO]: [bootstrap] Running Java 21 (OpenJDK 64-Bit Server VM 21.0.7+6-LTS; Eclipse Adoptium Temurin-21.0.7+6) on Linux 5.15.167.4-microsoft-standard-WSL2 (amd64)
[19:31:14] [ServerMain/INFO]: [bootstrap] Loading Paper 1.21.1-133-ver/1.21.1@3cb8529 (2025-03-28T16:14:36Z) for Minecraft 1.21.1
[19:31:14] [ServerMain/INFO]: [PluginInitializerManager] Initializing plugins...
[19:31:14] [ServerMain/INFO]: [PluginInitializerManager] Initialized 4 plugins
[19:31:14] [ServerMain/INFO]: [PluginInitializerManager] Bukkit plugins (4):
 - Essentials (2.21.0-dev+180-fe27182), LoginSecurity (3.3.0), LuckPerms (5.4.131), SkinsRestorer (15.6.4)
[19:31:18] [ServerMain/INFO]: Environment: Environment[sessionHost=https://sessionserver.mojang.com, servicesHost=https://api.minecraftservices.com, name=PROD]
[19:31:21] [ServerMain/INFO]: Loaded 1290 recipes
[19:31:21] [ServerMain/INFO]: Loaded 1399 advancements
[19:31:21] [Server thread/INFO]: Starting minecraft server version 1.21.1
[19:31:21] [Server thread/INFO]: Loading properties
[19:31:22] [Server thread/INFO]: This server is running Paper version 1.21.1-133-ver/1.21.1@3cb8529 (2025-03-28T16:14:36Z) (Implementing API version 1.21.1-R0.1-SNAPSHOT)
[19:31:22] [Server thread/INFO]: [spark] This server bundles the spark profiler. For more information please visit https://docs.papermc.io/paper/profiling
[19:31:22] [Server thread/INFO]: Server Ping Player Sample Count: 12
[19:31:22] [Server thread/INFO]: Using 4 threads for Netty based IO
[19:31:23] [Server thread/INFO]: [ChunkTaskScheduler] Chunk system is using 1 I/O threads, 7 worker threads, and population gen parallelism of 7 threads
[19:31:23] [Server thread/INFO]: Default game type: SURVIVAL
[19:31:23] [Server thread/INFO]: Generating keypair
[19:31:23] [Server thread/INFO]: Starting Minecraft server on 0.0.0.0:25565
[19:31:23] [Server thread/INFO]: Using epoll channel type
[19:31:23] [Server thread/INFO]: Paper: Using libdeflate (Linux x86_64) compression from Velocity.
[19:31:23] [Server thread/INFO]: Paper: Using OpenSSL 3.x.x (Linux x86_64) cipher from Velocity.
[19:31:23] [Server thread/INFO]: [LuckPerms] Loading server plugin LuckPerms v5.4.131
[19:31:23] [Server thread/INFO]: [SkinsRestorer] Loading server plugin SkinsRestorer v15.6.4
[19:31:23] [Server thread/INFO]: [LoginSecurity] Loading server plugin LoginSecurity v3.3.0
[19:31:23] [Server thread/INFO]: [Essentials] Loading server plugin Essentials v2.21.0-dev+180-fe27182
[19:31:24] [Server thread/INFO]: Server permissions file permissions.yml is empty, ignoring it
[19:31:24] [Server thread/INFO]: [LuckPerms] Enabling LuckPerms v5.4.131
[19:31:24] [Server thread/INFO]:         __    
[19:31:24] [Server thread/INFO]:   |    |__)   LuckPerms v5.4.131
[19:31:24] [Server thread/INFO]:   |___ |      Running on Bukkit - Paper
[19:31:24] [Server thread/INFO]: 
[19:31:24] [Server thread/INFO]: [LuckPerms] Loading configuration...
[19:31:24] [Server thread/INFO]: [LuckPerms] Loading storage provider... [H2]
[19:31:24] [Server thread/INFO]: [LuckPerms] Loading internal permission managers...
[19:31:24] [Server thread/INFO]: [LuckPerms] Performing initial data load...
[19:31:24] [Server thread/INFO]: [LuckPerms] Successfully enabled. (took 933ms)
[19:31:24] [Server thread/INFO]: [SkinsRestorer] Enabling SkinsRestorer v15.6.4
[19:31:25] [Server thread/INFO]: [SkinsRestorer] Running on Minecraft 1.21.1.
[19:31:26] [Server thread/INFO]: [SkinsRestorer] Using paper join listener!
[19:31:26] [Server thread/WARN]: **** SERVER IS RUNNING IN OFFLINE/INSECURE MODE!
[19:31:26] [Server thread/WARN]: The server will make no attempt to authenticate usernames. Beware.
[19:31:26] [Server thread/WARN]: While this makes the game possible to play without internet access, it also opens up the ability for hackers to connect with any username they choose.
[19:31:26] [Server thread/WARN]: To change this, set "online-mode" to "true" in the server.properties file.
[19:31:26] [Server thread/INFO]: Preparing level "world"
[19:31:26] [Folia Async Scheduler Thread #1/INFO]: [SkinsRestorer] ----------------------------------------------
[19:31:26] [Folia Async Scheduler Thread #1/INFO]: [SkinsRestorer]     +==================+
[19:31:26] [Folia Async Scheduler Thread #1/INFO]: [SkinsRestorer]     |   SkinsRestorer  |
[19:31:26] [Folia Async Scheduler Thread #1/INFO]: [SkinsRestorer]     |------------------|
[19:31:26] [Folia Async Scheduler Thread #1/INFO]: [SkinsRestorer]     |  Standalone Mode |
[19:31:26] [Folia Async Scheduler Thread #1/INFO]: [SkinsRestorer]     +==================+
[19:31:26] [Folia Async Scheduler Thread #1/INFO]: [SkinsRestorer] ----------------------------------------------
[19:31:26] [Folia Async Scheduler Thread #1/INFO]: [SkinsRestorer]     Version: 15.6.4
[19:31:26] [Folia Async Scheduler Thread #1/INFO]: [SkinsRestorer]     Commit: 7ee6269
[19:31:26] [Folia Async Scheduler Thread #1/INFO]: [SkinsRestorer]     This is the latest version!
[19:31:26] [Folia Async Scheduler Thread #1/INFO]: [SkinsRestorer] ----------------------------------------------
[19:31:26] [Folia Async Scheduler Thread #1/INFO]: [SkinsRestorer] Do you have issues? Read our troubleshooting guide: https://skinsrestorer.net/docs/troubleshooting
[19:31:26] [Folia Async Scheduler Thread #1/INFO]: [SkinsRestorer] Want to support SkinsRestorer? Consider donating: https://skinsrestorer.net/donate
[19:31:27] [Server thread/INFO]: Preparing start region for dimension minecraft:overworld
[19:31:27] [Server thread/INFO]: Time elapsed: 464 ms
[19:31:27] [Server thread/INFO]: Preparing start region for dimension minecraft:the_nether
[19:31:27] [Server thread/INFO]: Time elapsed: 98 ms
[19:31:27] [Server thread/INFO]: Preparing start region for dimension minecraft:the_end
[19:31:27] [Server thread/INFO]: Time elapsed: 52 ms
[19:31:27] [Server thread/INFO]: [LoginSecurity] Enabling LoginSecurity v3.3.0
[19:31:27] [Server thread/INFO]: [LoginSecurity] Loading base translations from "en_us"
[19:31:27] [Server thread/INFO]: [LoginSecurity] Loading specified translations from "en_us"
[19:31:27] [Server thread/INFO]: [LoginSecurity] Registering commands...
[19:31:27] [Server thread/INFO]: [LoginSecurity] Registering listeners...
[19:31:27] [Server thread/INFO]: [LoginSecurity] Using 1.12+ map captcha renderer
[19:31:27] [Server thread/INFO]: [Essentials] Enabling Essentials v2.21.0-dev+180-fe27182
[19:31:28] [Server thread/ERROR]: [Essentials] You are running an unsupported server version!
[19:31:28] [Server thread/INFO]: [Essentials] Attempting to convert old kits in config.yml to new kits.yml
[19:31:28] [Server thread/INFO]: [Essentials] No kits found to migrate.
[19:31:28] [Server thread/INFO]: [Essentials] Selected Paper Material Tag Provider as the provider for MaterialTagProvider
[19:31:28] [Server thread/INFO]: [Essentials] Selected Paper Server State Provider as the provider for ServerStateProvider
[19:31:28] [Server thread/INFO]: [Essentials] Selected 1.17.1+ World Info Provider as the provider for WorldInfoProvider
[19:31:28] [Server thread/INFO]: [Essentials] Selected Paper Tick Count Provider as the provider for TickCountProvider
[19:31:28] [Server thread/INFO]: [Essentials] Selected 1.14.4+ Persistent Data Container Provider as the provider for PersistentDataProvider
[19:31:28] [Server thread/INFO]: [Essentials] Selected 1.20.6+ Potion Meta Provider as the provider for PotionMetaProvider
[19:31:28] [Server thread/INFO]: [Essentials] Selected 1.20.5+ Banner Data Provider as the provider for BannerDataProvider
[19:31:28] [Server thread/INFO]: [Essentials] Selected 1.21+ InventoryView Interface ABI Provider as the provider for InventoryViewProvider
[19:31:28] [Server thread/INFO]: [Essentials] Selected 1.11+ Item Unbreakable Provider as the provider for ItemUnbreakableProvider
[19:31:28] [Server thread/INFO]: [Essentials] Selected Paper Known Commands Provider as the provider for KnownCommandsProvider
[19:31:28] [Server thread/INFO]: [Essentials] Selected 1.8.3+ Spawner Item Provider as the provider for SpawnerItemProvider
[19:31:28] [Server thread/INFO]: [Essentials] Selected 1.12.2+ Player Locale Provider as the provider for PlayerLocaleProvider
[19:31:28] [Server thread/INFO]: [Essentials] Selected 1.20.4+ Damage Event Provider as the provider for DamageEventProvider
[19:31:28] [Server thread/INFO]: [Essentials] Selected Paper Biome Key Provider as the provider for BiomeKeyProvider
[19:31:28] [Server thread/INFO]: [Essentials] Selected Reflection Online Mode Provider as the provider for OnlineModeProvider
[19:31:28] [Server thread/INFO]: [Essentials] Selected Paper Container Provider as the provider for ContainerProvider
[19:31:28] [Server thread/INFO]: [Essentials] Selected Reflection Spawner Block Provider as the provider for SpawnerBlockProvider
[19:31:28] [Server thread/INFO]: [Essentials] Selected Paper Serialization Provider as the provider for SerializationProvider
[19:31:28] [Server thread/INFO]: [Essentials] Selected 1.13+ Spawn Egg Provider as the provider for SpawnEggProvider
[19:31:28] [Server thread/INFO]: [Essentials] Selected 1.14+ Sign Data Provider as the provider for SignDataProvider
[19:31:28] [Server thread/INFO]: [Essentials] Selected Reflection Sync Commands Provider as the provider for SyncCommandsProvider
[19:31:28] [Server thread/INFO]: [Essentials] Selected Reflection Formatted Command Alias Provider as the provider for FormattedCommandAliasProvider
[19:31:28] [Server thread/INFO]: [Essentials] Loaded 43465 items from items.json.
[19:31:28] [Server thread/INFO]: [Essentials] Using locale en_US
[19:31:28] [Server thread/INFO]: [Essentials] ServerListPingEvent: Spigot iterator API
[19:31:28] [Server thread/INFO]: [Essentials] Starting Metrics. Opt-out using the global bStats config.
[19:31:28] [Server thread/WARN]: [Essentials] Detected supported permissions plugin LuckPerms without Vault installed.
[19:31:28] [Server thread/WARN]: [Essentials] Features such as chat prefixes/suffixes and group-related functionality will not work until you install Vault.
[19:31:28] [Server thread/INFO]: [Essentials] Using superperms-based permissions.
[19:31:28] [Server thread/INFO]: [spark] Starting background profiler...
[19:31:29] [Server thread/INFO]: Done preparing level "world" (2.921s)
[19:31:29] [Server thread/INFO]: Starting remote control listener
[19:31:29] [Server thread/INFO]: Thread RCON Listener started
[19:31:29] [Server thread/INFO]: RCON running on 0.0.0.0:25575
[19:31:29] [Server thread/INFO]: Running delayed init tasks
[19:31:29] [Server thread/INFO]: Done (16.078s)! For help, type "help"
[19:31:29] [Server thread/INFO]: Timings Reset
[19:31:29] [Craft Scheduler Thread - 2 - Essentials/INFO]: [Essentials] Fetching version information...
[19:31:29] [Craft Scheduler Thread - 2 - Essentials/WARN]: [Essentials] You're 35 EssentialsX dev build(s) out of date!
[19:31:29] [Craft Scheduler Thread - 2 - Essentials/WARN]: [Essentials] Download it here: https://essentialsx.net/downloads.html
[19:36:24] [RCON Listener #1/INFO]: Thread RCON Client /0:0:0:0:0:0:0:1 started
[19:36:24] [Server thread/INFO]: ThreadedAnvilChunkStorage (world): All chunks are saved
[19:36:24] [Server thread/INFO]: ThreadedAnvilChunkStorage (DIM-1): All chunks are saved
[19:36:24] [Server thread/INFO]: ThreadedAnvilChunkStorage (DIM1): All chunks are saved
[19:36:24] [Server thread/INFO]: ThreadedAnvilChunkStorage: All dimensions are saved
[19:36:24] [Server thread/INFO]: [Rcon: Saved the game]
[19:36:24] [RCON Client /0:0:0:0:0:0:0:1 #2/INFO]: Thread RCON Client /0:0:0:0:0:0:0:1 shutting down
[19:39:44] [RCON Listener #1/INFO]: Thread RCON Client /0:0:0:0:0:0:0:1 started
[19:39:44] [Server thread/INFO]: ThreadedAnvilChunkStorage (world): All chunks are saved
[19:39:44] [Server thread/INFO]: ThreadedAnvilChunkStorage (DIM-1): All chunks are saved
[19:39:44] [Server thread/INFO]: ThreadedAnvilChunkStorage (DIM1): All chunks are saved
[19:39:44] [Server thread/INFO]: ThreadedAnvilChunkStorage: All dimensions are saved
[19:39:44] [Server thread/INFO]: [Rcon: Saved the game]
[19:39:44] [RCON Client /0:0:0:0:0:0:0:1 #3/INFO]: Thread RCON Client /0:0:0:0:0:0:0:1 shutting down
[19:47:27] [RCON Listener #1/INFO]: Thread RCON Client /0:0:0:0:0:0:0:1 started
[19:47:27] [Server thread/INFO]: ThreadedAnvilChunkStorage (world): All chunks are saved
[19:47:27] [Server thread/INFO]: ThreadedAnvilChunkStorage (DIM-1): All chunks are saved
[19:47:27] [Server thread/INFO]: ThreadedAnvilChunkStorage (DIM1): All chunks are saved
[19:47:27] [Server thread/INFO]: ThreadedAnvilChunkStorage: All dimensions are saved
[19:47:27] [Server thread/INFO]: [Rcon: Saved the game]
[19:47:27] [RCON Client /0:0:0:0:0:0:0:1 #4/INFO]: Thread RCON Client /0:0:0:0:0:0:0:1 shutting down
[19:51:45] [RCON Listener #1/INFO]: Thread RCON Client /0:0:0:0:0:0:0:1 started
[19:51:45] [Server thread/INFO]: ThreadedAnvilChunkStorage (world): All chunks are saved
[19:51:45] [Server thread/INFO]: ThreadedAnvilChunkStorage (DIM-1): All chunks are saved
[19:51:45] [Server thread/INFO]: ThreadedAnvilChunkStorage (DIM1): All chunks are saved
[19:51:45] [Server thread/INFO]: ThreadedAnvilChunkStorage: All dimensions are saved
[19:51:45] [Server thread/INFO]: [Rcon: Saved the game]
[19:51:45] [RCON Client /0:0:0:0:0:0:0:1 #5/INFO]: Thread RCON Client /0:0:0:0:0:0:0:1 shutting down
[19:57:01] [RCON Listener #1/INFO]: Thread RCON Client /0:0:0:0:0:0:0:1 started
[19:57:01] [Server thread/INFO]: ThreadedAnvilChunkStorage (world): All chunks are saved
[19:57:01] [Server thread/INFO]: ThreadedAnvilChunkStorage (DIM-1): All chunks are saved
[19:57:01] [Server thread/INFO]: ThreadedAnvilChunkStorage (DIM1): All chunks are saved
[19:57:01] [Server thread/INFO]: ThreadedAnvilChunkStorage: All dimensions are saved
[19:57:01] [Server thread/INFO]: [Rcon: Saved the game]
[19:57:01] [RCON Client /0:0:0:0:0:0:0:1 #6/INFO]: Thread RCON Client /0:0:0:0:0:0:0:1 shutting down
[19:58:57] [RCON Listener #1/INFO]: Thread RCON Client /0:0:0:0:0:0:0:1 started
[19:58:57] [Server thread/INFO]: ThreadedAnvilChunkStorage (world): All chunks are saved
[19:58:57] [Server thread/INFO]: ThreadedAnvilChunkStorage (DIM-1): All chunks are saved
[19:58:57] [Server thread/INFO]: ThreadedAnvilChunkStorage (DIM1): All chunks are saved
[19:58:57] [Server thread/INFO]: ThreadedAnvilChunkStorage: All dimensions are saved
[19:58:57] [Server thread/INFO]: [Rcon: Saved the game]
[19:58:57] [RCON Client /0:0:0:0:0:0:0:1 #7/INFO]: Thread RCON Client /0:0:0:0:0:0:0:1 shutting down
[20:00:09] [RCON Listener #1/INFO]: Thread RCON Client /0:0:0:0:0:0:0:1 started
[20:00:09] [Server thread/INFO]: ThreadedAnvilChunkStorage (world): All chunks are saved
[20:00:09] [Server thread/INFO]: ThreadedAnvilChunkStorage (DIM-1): All chunks are saved
[20:00:09] [Server thread/INFO]: ThreadedAnvilChunkStorage (DIM1): All chunks are saved
[20:00:09] [Server thread/INFO]: ThreadedAnvilChunkStorage: All dimensions are saved
[20:00:09] [Server thread/INFO]: [Rcon: Saved the game]
[20:00:09] [RCON Client /0:0:0:0:0:0:0:1 #8/INFO]: Thread RCON Client /0:0:0:0:0:0:0:1 shutting down
[20:03:10] [RCON Listener #1/INFO]: Thread RCON Client /0:0:0:0:0:0:0:1 started
[20:03:10] [Server thread/INFO]: ThreadedAnvilChunkStorage (world): All chunks are saved
[20:03:10] [Server thread/INFO]: ThreadedAnvilChunkStorage (DIM-1): All chunks are saved
[20:03:10] [Server thread/INFO]: ThreadedAnvilChunkStorage (DIM1): All chunks are saved
[20:03:10] [Server thread/INFO]: ThreadedAnvilChunkStorage: All dimensions are saved
[20:03:10] [Server thread/INFO]: [Rcon: Saved the game]
[20:03:10] [RCON Client /0:0:0:0:0:0:0:1 #9/INFO]: Thread RCON Client /0:0:0:0:0:0:0:1 shutting down
[20:04:49] [RCON Listener #1/INFO]: Thread RCON Client /0:0:0:0:0:0:0:1 started
[20:04:49] [Server thread/INFO]: ThreadedAnvilChunkStorage (world): All chunks are saved
[20:04:49] [Server thread/INFO]: ThreadedAnvilChunkStorage (DIM-1): All chunks are saved
[20:04:49] [Server thread/INFO]: ThreadedAnvilChunkStorage (DIM1): All chunks are saved
[20:04:49] [Server thread/INFO]: ThreadedAnvilChunkStorage: All dimensions are saved
[20:04:49] [Server thread/INFO]: [Rcon: Saved the game]
[20:04:49] [RCON Client /0:0:0:0:0:0:0:1 #10/INFO]: Thread RCON Client /0:0:0:0:0:0:0:1 shutting down
[20:05:08] [RCON Listener #1/INFO]: Thread RCON Client /0:0:0:0:0:0:0:1 started
[20:05:08] [Server thread/INFO]: ThreadedAnvilChunkStorage (world): All chunks are saved
[20:05:08] [Server thread/INFO]: ThreadedAnvilChunkStorage (DIM-1): All chunks are saved
[20:05:08] [Server thread/INFO]: ThreadedAnvilChunkStorage (DIM1): All chunks are saved
[20:05:08] [Server thread/INFO]: ThreadedAnvilChunkStorage: All dimensions are saved
[20:05:08] [Server thread/INFO]: [Rcon: Saved the game]
[20:05:08] [RCON Client /0:0:0:0:0:0:0:1 #11/INFO]: Thread RCON Client /0:0:0:0:0:0:0:1 shutting down
[20:08:31] [RCON Listener #1/INFO]: Thread RCON Client /0:0:0:0:0:0:0:1 started
[20:08:31] [Server thread/INFO]: ThreadedAnvilChunkStorage (world): All chunks are saved
[20:08:31] [Server thread/INFO]: ThreadedAnvilChunkStorage (DIM-1): All chunks are saved
[20:08:31] [Server thread/INFO]: ThreadedAnvilChunkStorage (DIM1): All chunks are saved
[20:08:31] [Server thread/INFO]: ThreadedAnvilChunkStorage: All dimensions are saved
[20:08:31] [Server thread/INFO]: [Rcon: Saved the game]
[20:08:31] [RCON Client /0:0:0:0:0:0:0:1 #12/INFO]: Thread RCON Client /0:0:0:0:0:0:0:1 shutting down
[20:24:40] [RCON Listener #1/INFO]: Thread RCON Client /0:0:0:0:0:0:0:1 started
[20:24:40] [Server thread/INFO]: ThreadedAnvilChunkStorage (world): All chunks are saved
[20:24:40] [Server thread/INFO]: ThreadedAnvilChunkStorage (DIM-1): All chunks are saved
[20:24:40] [Server thread/INFO]: ThreadedAnvilChunkStorage (DIM1): All chunks are saved
[20:24:40] [Server thread/INFO]: ThreadedAnvilChunkStorage: All dimensions are saved
[20:24:40] [Server thread/INFO]: [Rcon: Saved the game]
[20:24:40] [RCON Client /0:0:0:0:0:0:0:1 #13/INFO]: Thread RCON Client /0:0:0:0:0:0:0:1 shutting down
[21:43:38] [RCON Listener #1/INFO]: Thread RCON Client /0:0:0:0:0:0:0:1 started
[21:43:38] [Server thread/INFO]: ThreadedAnvilChunkStorage (world): All chunks are saved
[21:43:38] [Server thread/INFO]: ThreadedAnvilChunkStorage (DIM-1): All chunks are saved
[21:43:38] [Server thread/INFO]: ThreadedAnvilChunkStorage (DIM1): All chunks are saved
[21:43:38] [Server thread/INFO]: ThreadedAnvilChunkStorage: All dimensions are saved
[21:43:38] [Server thread/INFO]: [Rcon: Saved the game]
[21:43:38] [RCON Client /0:0:0:0:0:0:0:1 #14/INFO]: Thread RCON Client /0:0:0:0:0:0:0:1 shutting down
[21:43:45] [RCON Listener #1/INFO]: Thread RCON Client /0:0:0:0:0:0:0:1 started
[21:43:45] [Server thread/INFO]: [Rcon: Stopping the server]
[21:43:45] [RCON Client /0:0:0:0:0:0:0:1 #15/INFO]: Thread RCON Client /0:0:0:0:0:0:0:1 shutting down
[21:43:45] [Server thread/INFO]: Stopping server
[21:43:45] [Server thread/INFO]: [Essentials] Disabling Essentials v2.21.0-dev+180-fe27182
[21:43:45] [RCON Listener #1/INFO]: Thread RCON Client /0:0:0:0:0:0:0:1 started
[21:43:45] [RCON Client /0:0:0:0:0:0:0:1 #16/ERROR]: Thread RCON Client /0:0:0:0:0:0:0:1 #16 failed main thread check: Command Dispatched Async: stop
java.lang.Throwable: null
	at org.spigotmc.AsyncCatcher.catchOp(AsyncCatcher.java:14) ~[paper-1.21.1.jar:1.21.1-133-3cb8529]
	at org.bukkit.craftbukkit.CraftServer.dispatchCommand(CraftServer.java:999) ~[paper-1.21.1.jar:1.21.1-133-3cb8529]
	at org.bukkit.craftbukkit.CraftServer.dispatchServerCommand(CraftServer.java:986) ~[paper-1.21.1.jar:1.21.1-133-3cb8529]
	at net.minecraft.server.dedicated.DedicatedServer.lambda$runCommand$4(DedicatedServer.java:817) ~[paper-1.21.1.jar:1.21.1-133-3cb8529]
	at net.minecraft.util.thread.BlockableEventLoop.lambda$submitAsync$0(BlockableEventLoop.java:60) ~[paper-1.21.1.jar:1.21.1-133-3cb8529]
	at java.base/java.util.concurrent.CompletableFuture$AsyncSupply.run(Unknown Source) ~[?:?]
	at net.minecraft.util.thread.BlockableEventLoop.execute(BlockableEventLoop.java:101) ~[paper-1.21.1.jar:1.21.1-133-3cb8529]
	at java.base/java.util.concurrent.CompletableFuture.asyncSupplyStage(Unknown Source) ~[?:?]
	at java.base/java.util.concurrent.CompletableFuture.supplyAsync(Unknown Source) ~[?:?]
	at net.minecraft.util.thread.BlockableEventLoop.submitAsync(BlockableEventLoop.java:59) ~[paper-1.21.1.jar:1.21.1-133-3cb8529]
	at net.minecraft.util.thread.BlockableEventLoop.executeBlocking(BlockableEventLoop.java:77) ~[paper-1.21.1.jar:1.21.1-133-3cb8529]
	at net.minecraft.server.dedicated.DedicatedServer.runCommand(DedicatedServer.java:795) ~[paper-1.21.1.jar:1.21.1-133-3cb8529]
	at net.minecraft.server.rcon.thread.RconClient.run(RconClient.java:83) ~[paper-1.21.1.jar:1.21.1-133-3cb8529]
	at java.base/java.lang.Thread.run(Unknown Source) ~[?:?]
[21:43:45] [RCON Client /0:0:0:0:0:0:0:1 #16/WARN]: Unexpected exception while parsing console command "stop"
java.lang.IllegalStateException: Asynchronous Command Dispatched Async: stop!
	at org.spigotmc.AsyncCatcher.catchOp(AsyncCatcher.java:15) ~[paper-1.21.1.jar:1.21.1-133-3cb8529]
	at org.bukkit.craftbukkit.CraftServer.dispatchCommand(CraftServer.java:999) ~[paper-1.21.1.jar:1.21.1-133-3cb8529]
	at org.bukkit.craftbukkit.CraftServer.dispatchServerCommand(CraftServer.java:986) ~[paper-1.21.1.jar:1.21.1-133-3cb8529]
	at net.minecraft.server.dedicated.DedicatedServer.lambda$runCommand$4(DedicatedServer.java:817) ~[paper-1.21.1.jar:1.21.1-133-3cb8529]
	at net.minecraft.util.thread.BlockableEventLoop.lambda$submitAsync$0(BlockableEventLoop.java:60) ~[paper-1.21.1.jar:1.21.1-133-3cb8529]
	at java.base/java.util.concurrent.CompletableFuture$AsyncSupply.run(Unknown Source) ~[?:?]
	at net.minecraft.util.thread.BlockableEventLoop.execute(BlockableEventLoop.java:101) ~[paper-1.21.1.jar:1.21.1-133-3cb8529]
	at java.base/java.util.concurrent.CompletableFuture.asyncSupplyStage(Unknown Source) ~[?:?]
	at java.base/java.util.concurrent.CompletableFuture.supplyAsync(Unknown Source) ~[?:?]
	at net.minecraft.util.thread.BlockableEventLoop.submitAsync(BlockableEventLoop.java:59) ~[paper-1.21.1.jar:1.21.1-133-3cb8529]
	at net.minecraft.util.thread.BlockableEventLoop.executeBlocking(BlockableEventLoop.java:77) ~[paper-1.21.1.jar:1.21.1-133-3cb8529]
	at net.minecraft.server.dedicated.DedicatedServer.runCommand(DedicatedServer.java:795) ~[paper-1.21.1.jar:1.21.1-133-3cb8529]
	at net.minecraft.server.rcon.thread.RconClient.run(RconClient.java:83) ~[paper-1.21.1.jar:1.21.1-133-3cb8529]
	at java.base/java.lang.Thread.run(Unknown Source) ~[?:?]
[21:43:45] [RCON Client /0:0:0:0:0:0:0:1 #16/INFO]: Thread RCON Client /0:0:0:0:0:0:0:1 shutting down
[21:43:45] [Server thread/INFO]: [LoginSecurity] Disabling LoginSecurity v3.3.0
[21:43:45] [Server thread/INFO]: [LoginSecurity] Waiting for queued tasks...
[21:43:45] [Server thread/INFO]: [LoginSecurity] ExecutorService shut down, ready to disable.
[21:43:45] [Server thread/INFO]: [SkinsRestorer] Disabling SkinsRestorer v15.6.4
[21:43:45] [Server thread/INFO]: [LuckPerms] Disabling LuckPerms v5.4.131
[21:43:45] [Server thread/INFO]: [LuckPerms] Starting shutdown process...
[21:43:45] [Server thread/INFO]: [LuckPerms] Closing storage...
[21:43:45] [Server thread/INFO]: [LuckPerms] Goodbye!
[21:43:45] [Server thread/INFO]: Saving players
[21:43:45] [Server thread/INFO]: Saving worlds
[21:43:45] [Server thread/INFO]: Saving chunks for level 'ServerLevel[world]'/minecraft:overworld
[21:43:45] [Server thread/INFO]: [ChunkHolderManager] Waiting 60s for chunk system to halt for world 'world'
[21:43:45] [Server thread/INFO]: [ChunkHolderManager] Halted chunk system for world 'world'
[21:43:45] [Server thread/INFO]: [ChunkHolderManager] Saving all chunkholders for world 'world'
[21:43:45] [Server thread/INFO]: [ChunkHolderManager] Saved 0 block chunks, 8 entity chunks, 0 poi chunks in world 'world' in 0.01s
[21:43:45] [Server thread/INFO]: Saving chunks for level 'ServerLevel[world_nether]'/minecraft:the_nether
[21:43:45] [Server thread/INFO]: [ChunkHolderManager] Waiting 60s for chunk system to halt for world 'world_nether'
[21:43:45] [Server thread/INFO]: [ChunkHolderManager] Halted chunk system for world 'world_nether'
[21:43:45] [Server thread/INFO]: [ChunkHolderManager] Saving all chunkholders for world 'world_nether'
[21:43:45] [Server thread/INFO]: [ChunkHolderManager] Saved 0 block chunks, 19 entity chunks, 0 poi chunks in world 'world_nether' in 0.01s
[21:43:45] [Server thread/INFO]: Saving chunks for level 'ServerLevel[world_the_end]'/minecraft:the_end
[21:43:45] [Server thread/INFO]: [ChunkHolderManager] Waiting 60s for chunk system to halt for world 'world_the_end'
[21:43:45] [Server thread/INFO]: [ChunkHolderManager] Halted chunk system for world 'world_the_end'
[21:43:45] [Server thread/INFO]: [ChunkHolderManager] Saving all chunkholders for world 'world_the_end'
[21:43:45] [Server thread/INFO]: [ChunkHolderManager] Saved 0 block chunks, 2 entity chunks, 0 poi chunks in world 'world_the_end' in 0.00s
[21:43:45] [Server thread/INFO]: ThreadedAnvilChunkStorage (world): All chunks are saved
[21:43:45] [Server thread/INFO]: ThreadedAnvilChunkStorage (DIM-1): All chunks are saved
[21:43:45] [Server thread/INFO]: ThreadedAnvilChunkStorage (DIM1): All chunks are saved
[21:43:45] [Server thread/INFO]: ThreadedAnvilChunkStorage: All dimensions are saved
